C251 COMPILER V5.60.0,  APP                                                                26/11/24  21:24:40  PAGE 1   


C251 COMPILER V5.60.0, COMPILATION OF MODULE APP
OBJECT MODULE PLACED IN .\list\APP.obj
COMPILER INVOKED BY: C:\Keil_v5\C251\BIN\C251.EXE ..\App\src\APP.c XSMALL INTR2 BROWSE INCDIR(..\Driver\inc;..\User;..\A
                    -pp\inc) DEBUG PRINT(.\list\APP.lst) TABS(2) OBJECT(.\list\APP.obj) 

stmt  level    source

    1          /*---------------------------------------------------------------------*/
    2          /* --- STC MCU Limited ------------------------------------------------*/
    3          /* --- STC 1T Series MCU Demo Programme -------------------------------*/
    4          /* --- Mobile: (86)13922805190 ----------------------------------------*/
    5          /* --- Fax: 86-0513-55012956,55012947,55012969 ------------------------*/
    6          /* --- Tel: 86-0513-55012928,55012929,55012966 ------------------------*/
    7          /* --- Web: www.STCMCU.com --------------------------------------------*/
    8          /* --- Web: www.STCMCUDATA.com  ---------------------------------------*/
    9          /* --- QQ:  800003751 -------------------------------------------------*/
   10          /* 如果要在程序中使用此代码,请在程序中注明使用了STC的资料及程序            */
   11          /*---------------------------------------------------------------------*/
   12          
   13          #include  "APP.h"
   14          
   15          //========================================================================
   16          //                               本地常量声明 
   17          //========================================================================
   18          
   19          u8 code t_display[]={                       //标准字库
   20          //   0    1    2    3    4    5    6    7    8    9    A    B    C    D    E    F
   21              0x3F,0x06,0x5B,0x4F,0x66,0x6D,0x7D,0x07,0x7F,0x6F,0x77,0x7C,0x39,0x5E,0x79,0x71,
   22          //black  -     H    J    K    L    N    o   P    U     t    G    Q    r   M    y
   23              0x00,0x40,0x76,0x1E,0x70,0x38,0x37,0x5C,0x73,0x3E,0x78,0x3d,0x67,0x50,0x37,0x6e,
   24              0xBF,0x86,0xDB,0xCF,0xE6,0xED,0xFD,0x87,0xFF,0xEF,0x46};    //0. 1. 2. 3. 4. 5. 6. 7. 8. 9. -1
   25          
   26          u8 code T_COM[]={0x01,0x02,0x04,0x08,0x10,0x20,0x40,0x80};      //位码
   27          
   28          u8 code T_KeyTable[16] = {0,1,2,0,3,0,0,0,4,0,0,0,0,0,0,0};
   29          
   30          //========================================================================
   31          //                               本地变量声明
   32          //========================================================================
   33          
   34          u8  LED8[8];        //显示缓冲
   35          u8  display_index;  //显示位索引
   36          
   37          u8  IO_KeyState, IO_KeyState1, IO_KeyHoldCnt;    //行列键盘变量
   38          u8  KeyHoldCnt; //键按下计时
   39          u8  KeyCode;    //给用户使用的键码
   40          u8  cnt50ms;
   41          
   42          u8  hour,minute,second; //RTC变量
   43          u16 msecond;
   44          
   45          u8 Key1_cnt;
   46          u8 Key2_cnt;
   47          bit Key1_Flag;
   48          bit Key2_Flag;
   49          
   50          //========================================================================
   51          // 函数: APP_config
   52          // 描述: 用户应用程序初始化.
   53          // 参数: None.
   54          // 返回: None.
   55          // 版本: V1.0, 2020-09-24
   56          //========================================================================
   57          void APP_config(void)
   58          {
C251 COMPILER V5.60.0,  APP                                                                26/11/24  21:24:40  PAGE 2   

   59   1        Lamp_init();
   60   1        ADtoUART_init();
   61   1      //  INTtoUART_init();
   62   1      //  RTC_init();
   63   1      //  I2C_PS_init();
   64   1      //  SPI_PS_init();
   65   1      //  EEPROM_init();
   66   1      //  WDT_init();
   67   1      //  PWMA_Output_init();
   68   1      //  PWMB_Output_init();
   69   1      //  DMA_AD_init();
   70   1      //  DMA_M2M_init();
   71   1      //  DMA_UART_init();
   72   1      //  DMA_SPI_PS_init();
   73   1      //  DMA_LCM_init();
   74   1      //  DMA_I2C_init();
   75   1      //  CAN_init();
   76   1      //  LIN_init();
   77   1      //  USART_LIN_init();
   78   1      //  USART2_LIN_init();
   79   1      //  HSSPI_init();
   80   1      //  HSPWM_init();
   81   1      }
   82          
   83          //========================================================================
   84          // 函数: DisplayScan
   85          // 描述: 显示扫描函数.
   86          // 参数: None.
   87          // 返回: None.
   88          // 版本: V1.0, 2020-09-25
   89          //========================================================================
   90          void DisplayScan(void)
   91          {   
   92   1          P7 = ~T_COM[7-display_index];
   93   1          P6 = ~t_display[LED8[display_index]];
   94   1          if(++display_index >= 8)    display_index = 0;  //8位结束回0
   95   1      }


Module Information          Static   Overlayable
------------------------------------------------
  code size            =       139     ------
  ecode size           =    ------     ------
  data size            =    ------     ------
  idata size           =    ------     ------
  pdata size           =    ------     ------
  xdata size           =    ------     ------
  xdata-const size     =    ------     ------
  edata size           =        22     ------
  bit size             =         2     ------
  ebit size            =    ------     ------
  bitaddressable size  =    ------     ------
  ebitaddressable size =    ------     ------
  far data size        =    ------     ------
  huge data size       =    ------     ------
  const size           =    ------     ------
  hconst size          =    ------     ------
End of Module Information.


C251 COMPILATION COMPLETE.  0 WARNING(S),  0 ERROR(S)
